<?xml version="1.0" encoding="UTF-8"?>
<!-- Generated by org.testng.reporters.JUnitReportReporter -->
<testsuite hostname="DESKTOP-1F690BU" failures="0" tests="5" name="automation.loginTest" time="19.508" errors="0" timestamp="2024-08-24T06:06:35 IST" skipped="0">
  <testcase classname="automation.loginTest" name="loginWithValidCreedentials" time="3.846"/>
  <testcase classname="automation.loginTest" name="loginWithInValidUsername" time="4.035"/>
  <testcase classname="automation.loginTest" name="loginWithInValidPassword" time="4.989"/>
  <testcase classname="automation.loginTest" name="loginWithEmptyFields" time="2.803"/>
  <testcase classname="automation.loginTest" name="loginWithSpecialCharaters" time="3.835"/>
</testsuite> <!-- automation.loginTest -->
