<?xml version="1.0" encoding="UTF-8"?>
<!-- Generated by org.testng.reporters.JUnitReportReporter -->
<testsuite hostname="DESKTOP-1F690BU" failures="0" tests="1" name="automation.loginTest" time="0.004" errors="0" timestamp="2024-08-24T00:31:45 IST" skipped="0">
  <testcase classname="automation.loginTest" name="loginTest" time="0.004"/>
</testsuite> <!-- automation.loginTest -->
